0 info it worked if it ends with ok
1 verbose cli [ 'C:\\Program Files\\nodejs\\node.exe',
1 verbose cli   'C:\\Program Files\\nodejs\\node_modules\\npm\\bin\\npm-cli.js',
1 verbose cli   'install',
1 verbose cli   '@apathetic/parallax' ]
2 info using npm@3.10.10
3 info using node@v6.11.4
4 silly loadCurrentTree Starting
5 silly install loadCurrentTree
6 silly install readLocalPackageData
7 silly fetchPackageMetaData @apathetic/parallax
8 silly fetchNamedPackageData @apathetic/parallax
9 silly mapToRegistry name @apathetic/parallax
10 silly mapToRegistry scope (from package name) @apathetic
11 verbose mapToRegistry no registry URL found in name for scope @apathetic
12 silly mapToRegistry using default registry
13 silly mapToRegistry registry http://artifactory-slc.oraclecorp.com/artifactory/api/npm/cegbu-npm-virtual
14 silly mapToRegistry data Result {
14 silly mapToRegistry   raw: '@apathetic/parallax',
14 silly mapToRegistry   scope: '@apathetic',
14 silly mapToRegistry   escapedName: '@apathetic%2fparallax',
14 silly mapToRegistry   name: '@apathetic/parallax',
14 silly mapToRegistry   rawSpec: '',
14 silly mapToRegistry   spec: 'latest',
14 silly mapToRegistry   type: 'tag' }
15 silly mapToRegistry uri http://artifactory-slc.oraclecorp.com/artifactory/api/npm/cegbu-npm-virtual/@apathetic%2fparallax
16 verbose request uri http://artifactory-slc.oraclecorp.com/artifactory/api/npm/cegbu-npm-virtual/@apathetic%2fparallax
17 verbose request no auth needed
18 info attempt registry request try #1 at 11:48:11 PM
19 verbose request id 367b1d5480a4ba02
20 http request GET http://artifactory-slc.oraclecorp.com/artifactory/api/npm/cegbu-npm-virtual/@apathetic%2fparallax
21 http 404 http://artifactory-slc.oraclecorp.com/artifactory/api/npm/cegbu-npm-virtual/@apathetic%2fparallax
22 verbose headers { date: 'Wed, 21 Feb 2018 18:18:16 GMT',
22 verbose headers   server: 'Artifactory/4.14.2',
22 verbose headers   'content-type': 'application/json',
22 verbose headers   'proxy-connection': 'Keep-Alive',
22 verbose headers   'x-artifactory-id': '0aab31b401ffac72b0e8ae6e4deede1dda0e8eca',
22 verbose headers   'transfer-encoding': 'chunked',
22 verbose headers   'x-artifactory-node-id': 'slc-ha-prod-4' }
23 silly get cb [ 404,
23 silly get   { date: 'Wed, 21 Feb 2018 18:18:16 GMT',
23 silly get     server: 'Artifactory/4.14.2',
23 silly get     'content-type': 'application/json',
23 silly get     'proxy-connection': 'Keep-Alive',
23 silly get     'x-artifactory-id': '0aab31b401ffac72b0e8ae6e4deede1dda0e8eca',
23 silly get     'transfer-encoding': 'chunked',
23 silly get     'x-artifactory-node-id': 'slc-ha-prod-4' } ]
24 silly fetchPackageMetaData Error: 404 Not Found: artifactory
24 silly fetchPackageMetaData     at makeError (C:\Program Files\nodejs\node_modules\npm\node_modules\npm-registry-client\lib\request.js:302:12)
24 silly fetchPackageMetaData     at CachingRegistryClient.<anonymous> (C:\Program Files\nodejs\node_modules\npm\node_modules\npm-registry-client\lib\request.js:288:14)
24 silly fetchPackageMetaData     at Request._callback (C:\Program Files\nodejs\node_modules\npm\node_modules\npm-registry-client\lib\request.js:210:14)
24 silly fetchPackageMetaData     at Request.self.callback (C:\Program Files\nodejs\node_modules\npm\node_modules\request\request.js:187:22)
24 silly fetchPackageMetaData     at emitTwo (events.js:106:13)
24 silly fetchPackageMetaData     at Request.emit (events.js:191:7)
24 silly fetchPackageMetaData     at Request.<anonymous> (C:\Program Files\nodejs\node_modules\npm\node_modules\request\request.js:1048:10)
24 silly fetchPackageMetaData     at emitOne (events.js:96:13)
24 silly fetchPackageMetaData     at Request.emit (events.js:188:7)
24 silly fetchPackageMetaData     at IncomingMessage.<anonymous> (C:\Program Files\nodejs\node_modules\npm\node_modules\request\request.js:969:12)
24 silly fetchPackageMetaData  error for @apathetic/parallax { Error: 404 Not Found: artifactory
24 silly fetchPackageMetaData     at makeError (C:\Program Files\nodejs\node_modules\npm\node_modules\npm-registry-client\lib\request.js:302:12)
24 silly fetchPackageMetaData     at CachingRegistryClient.<anonymous> (C:\Program Files\nodejs\node_modules\npm\node_modules\npm-registry-client\lib\request.js:288:14)
24 silly fetchPackageMetaData     at Request._callback (C:\Program Files\nodejs\node_modules\npm\node_modules\npm-registry-client\lib\request.js:210:14)
24 silly fetchPackageMetaData     at Request.self.callback (C:\Program Files\nodejs\node_modules\npm\node_modules\request\request.js:187:22)
24 silly fetchPackageMetaData     at emitTwo (events.js:106:13)
24 silly fetchPackageMetaData     at Request.emit (events.js:191:7)
24 silly fetchPackageMetaData     at Request.<anonymous> (C:\Program Files\nodejs\node_modules\npm\node_modules\request\request.js:1048:10)
24 silly fetchPackageMetaData     at emitOne (events.js:96:13)
24 silly fetchPackageMetaData     at Request.emit (events.js:188:7)
24 silly fetchPackageMetaData     at IncomingMessage.<anonymous> (C:\Program Files\nodejs\node_modules\npm\node_modules\request\request.js:969:12) pkgid: 'artifactory', statusCode: 404, code: 'E404' }
25 silly rollbackFailedOptional Starting
26 silly rollbackFailedOptional Finishing
27 silly runTopLevelLifecycles Finishing
28 silly install printInstalled
29 verbose stack Error: 404 Not Found: artifactory
29 verbose stack     at makeError (C:\Program Files\nodejs\node_modules\npm\node_modules\npm-registry-client\lib\request.js:302:12)
29 verbose stack     at CachingRegistryClient.<anonymous> (C:\Program Files\nodejs\node_modules\npm\node_modules\npm-registry-client\lib\request.js:288:14)
29 verbose stack     at Request._callback (C:\Program Files\nodejs\node_modules\npm\node_modules\npm-registry-client\lib\request.js:210:14)
29 verbose stack     at Request.self.callback (C:\Program Files\nodejs\node_modules\npm\node_modules\request\request.js:187:22)
29 verbose stack     at emitTwo (events.js:106:13)
29 verbose stack     at Request.emit (events.js:191:7)
29 verbose stack     at Request.<anonymous> (C:\Program Files\nodejs\node_modules\npm\node_modules\request\request.js:1048:10)
29 verbose stack     at emitOne (events.js:96:13)
29 verbose stack     at Request.emit (events.js:188:7)
29 verbose stack     at IncomingMessage.<anonymous> (C:\Program Files\nodejs\node_modules\npm\node_modules\request\request.js:969:12)
30 verbose statusCode 404
31 verbose pkgid artifactory
32 verbose cwd C:\Users\dkvelusa\Desktop\std\Project
33 error Windows_NT 6.1.7601
34 error argv "C:\\Program Files\\nodejs\\node.exe" "C:\\Program Files\\nodejs\\node_modules\\npm\\bin\\npm-cli.js" "install" "@apathetic/parallax"
35 error node v6.11.4
36 error npm  v3.10.10
37 error code E404
38 error 404 Not Found: artifactory
39 error 404
40 error 404 'artifactory' is not in the npm registry.
41 error 404 You should bug the author to publish it (or use the name yourself!)
42 error 404 Note that you can also install from a
43 error 404 tarball, folder, http url, or git url.
44 verbose exit [ 1, true ]
